DEBUG 2019-07-16 16:05:38,667: 	 Executing command: 'submit'
DEBUG 2019-07-16 16:05:38,677: 	 Found CRAB cache file /afs/cern.ch/user/v/vshang/.crab3
DEBUG 2019-07-16 16:05:38,687: 	 Checking credentials
DEBUG 2019-07-16 16:05:38,687: 	 Found proxy file /tmp/x509up_u120824
DEBUG 2019-07-16 16:05:38,687: 	 Getting proxy life time left
DEBUG 2019-07-16 16:05:39,394: 	 Executing : 
 command : voms-proxy-info -file /tmp/x509up_u120824 -timeleft
 output : 604764

 error: 
 retcode : 0
DEBUG 2019-07-16 16:05:40,103: 	 Executing : 
 command : voms-proxy-info -file /tmp/x509up_u120824 -actimeleft
 output : 604763

 error: 
 retcode : 0
DEBUG 2019-07-16 16:05:40,103: 	 Proxy lifetime 604764 secs is different from voms extension lifetime 604763 secs for proxy: /tmp/x509up_u120824
DEBUG 2019-07-16 16:05:40,104: 	 Proxy valid for 167:59:23 hours
DEBUG 2019-07-16 16:05:40,104: 	 Will use CRAB Analysis plugin (i.e. will run an analysis job type).
DEBUG 2019-07-16 16:05:40,113: 	 Executing command: 'submit'
DEBUG 2019-07-16 16:05:40,113: 	 Found CRAB cache file /afs/cern.ch/user/v/vshang/.crab3
DEBUG 2019-07-16 16:05:40,120: 	 Checking credentials
DEBUG 2019-07-16 16:05:40,121: 	 Found proxy file /tmp/x509up_u120824
DEBUG 2019-07-16 16:05:40,121: 	 Getting proxy life time left
DEBUG 2019-07-16 16:05:40,825: 	 Executing : 
 command : voms-proxy-info -file /tmp/x509up_u120824 -timeleft
 output : 604763

 error: 
 retcode : 0
DEBUG 2019-07-16 16:05:41,530: 	 Executing : 
 command : voms-proxy-info -file /tmp/x509up_u120824 -actimeleft
 output : 604762

 error: 
 retcode : 0
DEBUG 2019-07-16 16:05:41,530: 	 Proxy lifetime 604763 secs is different from voms extension lifetime 604762 secs for proxy: /tmp/x509up_u120824
DEBUG 2019-07-16 16:05:41,530: 	 Proxy valid for 167:59:22 hours
DEBUG 2019-07-16 16:05:41,531: 	 Will use CRAB Analysis plugin (i.e. will run an analysis job type).
DEBUG 2019-07-17 14:49:19,542: 	 Executing command: 'submit'
DEBUG 2019-07-17 14:49:19,557: 	 Found CRAB cache file /afs/cern.ch/user/v/vshang/.crab3
DEBUG 2019-07-17 14:49:19,581: 	 Checking credentials
DEBUG 2019-07-17 14:49:19,581: 	 Found proxy file /tmp/x509up_u120824
DEBUG 2019-07-17 14:49:19,581: 	 Getting proxy life time left
DEBUG 2019-07-17 14:49:20,286: 	 Executing : 
 command : voms-proxy-info -file /tmp/x509up_u120824 -timeleft
 output : 604755

 error: 
 retcode : 0
DEBUG 2019-07-17 14:49:21,095: 	 Executing : 
 command : voms-proxy-info -file /tmp/x509up_u120824 -actimeleft
 output : 604754

 error: 
 retcode : 0
DEBUG 2019-07-17 14:49:21,096: 	 Proxy lifetime 604755 secs is different from voms extension lifetime 604754 secs for proxy: /tmp/x509up_u120824
DEBUG 2019-07-17 14:49:21,096: 	 Proxy valid for 167:59:14 hours
DEBUG 2019-07-17 14:49:21,096: 	 Will use CRAB Analysis plugin (i.e. will run an analysis job type).
DEBUG 2019-07-17 14:49:21,127: 	 Executing command: 'submit'
DEBUG 2019-07-17 14:49:21,127: 	 Found CRAB cache file /afs/cern.ch/user/v/vshang/.crab3
DEBUG 2019-07-17 14:49:21,136: 	 Checking credentials
DEBUG 2019-07-17 14:49:21,136: 	 Found proxy file /tmp/x509up_u120824
DEBUG 2019-07-17 14:49:21,136: 	 Getting proxy life time left
DEBUG 2019-07-17 14:49:21,941: 	 Executing : 
 command : voms-proxy-info -file /tmp/x509up_u120824 -timeleft
 output : 604754

 error: 
 retcode : 0
DEBUG 2019-07-17 14:49:22,647: 	 Executing : 
 command : voms-proxy-info -file /tmp/x509up_u120824 -actimeleft
 output : 604753

 error: 
 retcode : 0
DEBUG 2019-07-17 14:49:22,647: 	 Proxy lifetime 604754 secs is different from voms extension lifetime 604753 secs for proxy: /tmp/x509up_u120824
DEBUG 2019-07-17 14:49:22,647: 	 Proxy valid for 167:59:13 hours
DEBUG 2019-07-17 14:49:22,648: 	 Will use CRAB Analysis plugin (i.e. will run an analysis job type).
DEBUG 2019-07-19 14:47:37,721: 	 Executing command: 'submit'
DEBUG 2019-07-19 14:47:37,727: 	 Found CRAB cache file /afs/cern.ch/user/v/vshang/.crab3
DEBUG 2019-07-19 14:47:37,733: 	 Checking credentials
DEBUG 2019-07-19 14:47:37,733: 	 Found proxy file /tmp/x509up_u120824
DEBUG 2019-07-19 14:47:37,733: 	 Getting proxy life time left
DEBUG 2019-07-19 14:47:38,337: 	 Executing : 
 command : voms-proxy-info -file /tmp/x509up_u120824 -timeleft
 output : 604794

 error: 
 retcode : 0
DEBUG 2019-07-19 14:47:38,941: 	 Executing : 
 command : voms-proxy-info -file /tmp/x509up_u120824 -actimeleft
 output : 604794

 error: 
 retcode : 0
DEBUG 2019-07-19 14:47:38,941: 	 Proxy valid for 167:59:54 hours
DEBUG 2019-07-19 14:47:38,942: 	 Will use CRAB Analysis plugin (i.e. will run an analysis job type).
DEBUG 2019-07-19 14:47:38,965: 	 Executing command: 'submit'
DEBUG 2019-07-19 14:47:38,966: 	 Found CRAB cache file /afs/cern.ch/user/v/vshang/.crab3
DEBUG 2019-07-19 14:47:38,972: 	 Checking credentials
DEBUG 2019-07-19 14:47:38,972: 	 Found proxy file /tmp/x509up_u120824
DEBUG 2019-07-19 14:47:38,972: 	 Getting proxy life time left
DEBUG 2019-07-19 14:47:39,586: 	 Executing : 
 command : voms-proxy-info -file /tmp/x509up_u120824 -timeleft
 output : 604793

 error: 
 retcode : 0
DEBUG 2019-07-19 14:47:40,191: 	 Executing : 
 command : voms-proxy-info -file /tmp/x509up_u120824 -actimeleft
 output : 604792

 error: 
 retcode : 0
DEBUG 2019-07-19 14:47:40,191: 	 Proxy lifetime 604793 secs is different from voms extension lifetime 604792 secs for proxy: /tmp/x509up_u120824
DEBUG 2019-07-19 14:47:40,191: 	 Proxy valid for 167:59:52 hours
DEBUG 2019-07-19 14:47:40,191: 	 Will use CRAB Analysis plugin (i.e. will run an analysis job type).
DEBUG 2019-07-25 12:08:13,200: 	 Executing command: 'resubmit'
DEBUG 2019-07-25 12:08:13,200: 	 Found CRAB cache file /afs/cern.ch/user/v/vshang/.crab3
DEBUG 2019-07-26 10:59:26,413: 	 Executing command: 'submit'
DEBUG 2019-07-26 10:59:26,418: 	 Found CRAB cache file /afs/cern.ch/user/v/vshang/.crab3
DEBUG 2019-07-26 10:59:26,427: 	 Checking credentials
DEBUG 2019-07-26 10:59:26,427: 	 Found proxy file /tmp/x509up_u120824
DEBUG 2019-07-26 10:59:26,427: 	 Getting proxy life time left
DEBUG 2019-07-26 10:59:26,530: 	 Executing : 
 command : voms-proxy-info -file /tmp/x509up_u120824 -timeleft
 output : 604222

 error: 
 retcode : 0
DEBUG 2019-07-26 10:59:26,634: 	 Executing : 
 command : voms-proxy-info -file /tmp/x509up_u120824 -actimeleft
 output : 604222

 error: 
 retcode : 0
DEBUG 2019-07-26 10:59:26,634: 	 Proxy valid for 167:50:22 hours
DEBUG 2019-07-26 10:59:26,635: 	 Will use CRAB Analysis plugin (i.e. will run an analysis job type).
DEBUG 2019-07-26 11:06:19,050: 	 Executing command: 'submit'
DEBUG 2019-07-26 11:06:19,056: 	 Found CRAB cache file /afs/cern.ch/user/v/vshang/.crab3
DEBUG 2019-07-26 11:06:19,066: 	 Checking credentials
DEBUG 2019-07-26 11:06:19,066: 	 Found proxy file /tmp/x509up_u120824
DEBUG 2019-07-26 11:06:19,066: 	 Getting proxy life time left
DEBUG 2019-07-26 11:06:19,169: 	 Executing : 
 command : voms-proxy-info -file /tmp/x509up_u120824 -timeleft
 output : 43068

 error: 
 retcode : 0
DEBUG 2019-07-26 11:06:19,273: 	 Executing : 
 command : voms-proxy-info -file /tmp/x509up_u120824 -actimeleft
 output : 43068

 error: 
 retcode : 0
DEBUG 2019-07-26 11:06:19,273: 	 Proxy valid for 11:57:48 hours
DEBUG 2019-07-26 11:06:19,274: 	 Will use CRAB Analysis plugin (i.e. will run an analysis job type).
DEBUG 2019-08-07 11:54:33,179: 	 Executing command: 'submit'
DEBUG 2019-08-07 11:54:33,187: 	 Found CRAB cache file /afs/cern.ch/user/v/vshang/.crab3
DEBUG 2019-08-07 11:54:33,198: 	 Checking credentials
DEBUG 2019-08-07 11:54:33,198: 	 Found proxy file /tmp/x509up_u120824
DEBUG 2019-08-07 11:54:33,198: 	 Getting proxy life time left
DEBUG 2019-08-07 11:54:33,303: 	 Executing : 
 command : voms-proxy-info -file /tmp/x509up_u120824 -timeleft
 output : 42958

 error: 
 retcode : 0
DEBUG 2019-08-07 11:54:33,407: 	 Executing : 
 command : voms-proxy-info -file /tmp/x509up_u120824 -actimeleft
 output : 42958

 error: 
 retcode : 0
DEBUG 2019-08-07 11:54:33,407: 	 Proxy valid for 11:55:58 hours
DEBUG 2019-08-07 11:54:33,408: 	 Will use CRAB Analysis plugin (i.e. will run an analysis job type).
DEBUG 2022-12-06 13:48:16.082 UTC: 	 CRAB Client version: v3.221018
DEBUG 2022-12-06 13:48:16.083 UTC: 	 Running on: Linux login01.hep.wisc.edu 5.4.217-1.el7.elrepo.x86_64 #1 SMP Thu Oct 6 13:02:21 EDT 2022 x86_64 x86_64 x86_64 GNU/Linux - CentOS Linux 7 (Core)
DEBUG 2022-12-06 13:48:16.083 UTC: 	 Executing command: 'submit'
DEBUG 2022-12-06 13:48:16.084 UTC: 	 Found CRAB cache file /afs/hep.wisc.edu/home/vshang/.crab3
INFO 2022-12-06 13:48:16.087 UTC: 	 Will use CRAB configuration file r1_submit_crab.py
DEBUG 2022-12-06 13:48:16.088 UTC: 	 Loading CRAB configuration file.
ERROR 2022-12-06 13:48:16.092 UTC: 	 Error while loading CRAB configuration:
invalid syntax (r1_submit_crab.py, line 50)
Please refer to https://twiki.cern.ch/twiki/bin/view/CMSPublic/CRAB3FAQ
See the ./crab.log file for more details.
The documentation about the CRAB configuration file can be found in https://twiki.cern.ch/twiki/bin/view/CMSPublic/CRAB3ConfigurationFile
ERROR 2022-12-06 13:48:16.093 UTC: 	 Caught ClientException exception
Traceback (most recent call last):
  File "/cvmfs/cms.cern.ch/share/cms/crab-prod/v3.221018.00/lib/WMCore/Configuration.py", line 326, in loadConfigurationFile
    modRef = imp.load_module(cfgBaseName, modPath[0],
  File "/cvmfs/cms.cern.ch/slc7_amd64_gcc10/external/python3/3.9.6-67e5cf5b4952101922f1d4c8474baa39/lib/python3.9/imp.py", line 234, in load_module
    return load_source(name, filename, file)
  File "/cvmfs/cms.cern.ch/slc7_amd64_gcc10/external/python3/3.9.6-67e5cf5b4952101922f1d4c8474baa39/lib/python3.9/imp.py", line 171, in load_source
    module = _load(spec)
  File "<frozen importlib._bootstrap>", line 711, in _load
  File "<frozen importlib._bootstrap>", line 680, in _load_unlocked
  File "<frozen importlib._bootstrap_external>", line 846, in exec_module
  File "<frozen importlib._bootstrap_external>", line 983, in get_code
  File "<frozen importlib._bootstrap_external>", line 913, in source_to_code
  File "<frozen importlib._bootstrap>", line 228, in _call_with_frames_removed
  File "/afs/hep.wisc.edu/user/vshang/public/Phase2L1CaloTaus/CMSSW_12_3_0_pre4/src/L1Trigger/L1EGRateStudies/test/crab/r1_submit_crab.py", line 50
    print "Failed submitting task: %s" % (hte.headers)
          ^
SyntaxError: invalid syntax

During handling of the above exception, another exception occurred:

Traceback (most recent call last):
  File "/cvmfs/cms.cern.ch/share/cms/crab-prod/v3.221018.00/lib/CRABClient/Commands/SubCommand.py", line 55, in loadConfig
    self.configuration = loadConfigurationFile(os.path.abspath(configname))
  File "/cvmfs/cms.cern.ch/share/cms/crab-prod/v3.221018.00/lib/WMCore/Configuration.py", line 334, in loadConfigurationFile
    raise RuntimeError(msg)
RuntimeError: Unable to load Configuration File:
/afs/hep.wisc.edu/user/vshang/public/Phase2L1CaloTaus/CMSSW_12_3_0_pre4/src/L1Trigger/L1EGRateStudies/test/crab/r1_submit_crab.py
Due to error:
invalid syntax (r1_submit_crab.py, line 50)Traceback (most recent call last):
  File "/cvmfs/cms.cern.ch/share/cms/crab-prod/v3.221018.00/lib/WMCore/Configuration.py", line 326, in loadConfigurationFile
    modRef = imp.load_module(cfgBaseName, modPath[0],
  File "/cvmfs/cms.cern.ch/slc7_amd64_gcc10/external/python3/3.9.6-67e5cf5b4952101922f1d4c8474baa39/lib/python3.9/imp.py", line 234, in load_module
    return load_source(name, filename, file)
  File "/cvmfs/cms.cern.ch/slc7_amd64_gcc10/external/python3/3.9.6-67e5cf5b4952101922f1d4c8474baa39/lib/python3.9/imp.py", line 171, in load_source
    module = _load(spec)
  File "<frozen importlib._bootstrap>", line 711, in _load
  File "<frozen importlib._bootstrap>", line 680, in _load_unlocked
  File "<frozen importlib._bootstrap_external>", line 846, in exec_module
  File "<frozen importlib._bootstrap_external>", line 983, in get_code
  File "<frozen importlib._bootstrap_external>", line 913, in source_to_code
  File "<frozen importlib._bootstrap>", line 228, in _call_with_frames_removed
  File "/afs/hep.wisc.edu/user/vshang/public/Phase2L1CaloTaus/CMSSW_12_3_0_pre4/src/L1Trigger/L1EGRateStudies/test/crab/r1_submit_crab.py", line 50
    print "Failed submitting task: %s" % (hte.headers)
          ^
SyntaxError: invalid syntax


During handling of the above exception, another exception occurred:

Traceback (most recent call last):
  File "/cvmfs/cms.cern.ch/share/cms/crab-prod/v3.221018.00/bin/crab.py", line 159, in <module>
    client()
  File "/cvmfs/cms.cern.ch/share/cms/crab-prod/v3.221018.00/bin/crab.py", line 144, in __call__
    self.cmd = sub_cmd(self.logger, args[1:])
  File "/cvmfs/cms.cern.ch/share/cms/crab-prod/v3.221018.00/lib/CRABClient/Commands/submit.py", line 36, in __init__
    SubCommand.__init__(self, logger, cmdargs, disable_interspersed_args=True)
  File "/cvmfs/cms.cern.ch/share/cms/crab-prod/v3.221018.00/lib/CRABClient/Commands/SubCommand.py", line 316, in __init__
    self.loadConfig(self.options.config, self.args)
  File "/cvmfs/cms.cern.ch/share/cms/crab-prod/v3.221018.00/lib/CRABClient/Commands/SubCommand.py", line 89, in loadConfig
    raise ConfigurationException(configmsg)
CRABClient.ClientExceptions.ConfigurationException: Error while loading CRAB configuration:
invalid syntax (r1_submit_crab.py, line 50)
Please refer to https://twiki.cern.ch/twiki/bin/view/CMSPublic/CRAB3FAQ
See the ./crab.log file for more details.
The documentation about the CRAB configuration file can be found in https://twiki.cern.ch/twiki/bin/view/CMSPublic/CRAB3ConfigurationFile
INFO 2022-12-06 13:48:16.112 UTC: 	 Log file is /afs/hep.wisc.edu/user/vshang/public/Phase2L1CaloTaus/CMSSW_12_3_0_pre4/src/L1Trigger/L1EGRateStudies/test/crab/crab.log
DEBUG 2022-12-06 13:49:50.114 UTC: 	 CRAB Client version: v3.221018
DEBUG 2022-12-06 13:49:50.114 UTC: 	 Running on: Linux login01.hep.wisc.edu 5.4.217-1.el7.elrepo.x86_64 #1 SMP Thu Oct 6 13:02:21 EDT 2022 x86_64 x86_64 x86_64 GNU/Linux - CentOS Linux 7 (Core)
DEBUG 2022-12-06 13:49:50.114 UTC: 	 Executing command: 'submit'
DEBUG 2022-12-06 13:49:50.115 UTC: 	 Found CRAB cache file /afs/hep.wisc.edu/home/vshang/.crab3
INFO 2022-12-06 13:49:50.119 UTC: 	 Will use CRAB configuration file r1_submit_crab.py
DEBUG 2022-12-06 13:49:50.119 UTC: 	 Loading CRAB configuration file.
ERROR 2022-12-06 13:49:50.127 UTC: 	 Error while loading CRAB configuration:
Missing parentheses in call to 'print'. Did you mean print("Base: ",base)? (r1_submit_crab.py, line 58)
Please refer to https://twiki.cern.ch/twiki/bin/view/CMSPublic/CRAB3FAQ
See the ./crab.log file for more details.
The documentation about the CRAB configuration file can be found in https://twiki.cern.ch/twiki/bin/view/CMSPublic/CRAB3ConfigurationFile
ERROR 2022-12-06 13:49:50.127 UTC: 	 Caught ClientException exception
Traceback (most recent call last):
  File "/cvmfs/cms.cern.ch/share/cms/crab-prod/v3.221018.00/lib/WMCore/Configuration.py", line 326, in loadConfigurationFile
    modRef = imp.load_module(cfgBaseName, modPath[0],
  File "/cvmfs/cms.cern.ch/slc7_amd64_gcc10/external/python3/3.9.6-67e5cf5b4952101922f1d4c8474baa39/lib/python3.9/imp.py", line 234, in load_module
    return load_source(name, filename, file)
  File "/cvmfs/cms.cern.ch/slc7_amd64_gcc10/external/python3/3.9.6-67e5cf5b4952101922f1d4c8474baa39/lib/python3.9/imp.py", line 171, in load_source
    module = _load(spec)
  File "<frozen importlib._bootstrap>", line 711, in _load
  File "<frozen importlib._bootstrap>", line 680, in _load_unlocked
  File "<frozen importlib._bootstrap_external>", line 846, in exec_module
  File "<frozen importlib._bootstrap_external>", line 983, in get_code
  File "<frozen importlib._bootstrap_external>", line 913, in source_to_code
  File "<frozen importlib._bootstrap>", line 228, in _call_with_frames_removed
  File "/afs/hep.wisc.edu/user/vshang/public/Phase2L1CaloTaus/CMSSW_12_3_0_pre4/src/L1Trigger/L1EGRateStudies/test/crab/r1_submit_crab.py", line 58
    print "Base: ",base
          ^
SyntaxError: Missing parentheses in call to 'print'. Did you mean print("Base: ",base)?

During handling of the above exception, another exception occurred:

Traceback (most recent call last):
  File "/cvmfs/cms.cern.ch/share/cms/crab-prod/v3.221018.00/lib/CRABClient/Commands/SubCommand.py", line 55, in loadConfig
    self.configuration = loadConfigurationFile(os.path.abspath(configname))
  File "/cvmfs/cms.cern.ch/share/cms/crab-prod/v3.221018.00/lib/WMCore/Configuration.py", line 334, in loadConfigurationFile
    raise RuntimeError(msg)
RuntimeError: Unable to load Configuration File:
/afs/hep.wisc.edu/user/vshang/public/Phase2L1CaloTaus/CMSSW_12_3_0_pre4/src/L1Trigger/L1EGRateStudies/test/crab/r1_submit_crab.py
Due to error:
Missing parentheses in call to 'print'. Did you mean print("Base: ",base)? (r1_submit_crab.py, line 58)Traceback (most recent call last):
  File "/cvmfs/cms.cern.ch/share/cms/crab-prod/v3.221018.00/lib/WMCore/Configuration.py", line 326, in loadConfigurationFile
    modRef = imp.load_module(cfgBaseName, modPath[0],
  File "/cvmfs/cms.cern.ch/slc7_amd64_gcc10/external/python3/3.9.6-67e5cf5b4952101922f1d4c8474baa39/lib/python3.9/imp.py", line 234, in load_module
    return load_source(name, filename, file)
  File "/cvmfs/cms.cern.ch/slc7_amd64_gcc10/external/python3/3.9.6-67e5cf5b4952101922f1d4c8474baa39/lib/python3.9/imp.py", line 171, in load_source
    module = _load(spec)
  File "<frozen importlib._bootstrap>", line 711, in _load
  File "<frozen importlib._bootstrap>", line 680, in _load_unlocked
  File "<frozen importlib._bootstrap_external>", line 846, in exec_module
  File "<frozen importlib._bootstrap_external>", line 983, in get_code
  File "<frozen importlib._bootstrap_external>", line 913, in source_to_code
  File "<frozen importlib._bootstrap>", line 228, in _call_with_frames_removed
  File "/afs/hep.wisc.edu/user/vshang/public/Phase2L1CaloTaus/CMSSW_12_3_0_pre4/src/L1Trigger/L1EGRateStudies/test/crab/r1_submit_crab.py", line 58
    print "Base: ",base
          ^
SyntaxError: Missing parentheses in call to 'print'. Did you mean print("Base: ",base)?


During handling of the above exception, another exception occurred:

Traceback (most recent call last):
  File "/cvmfs/cms.cern.ch/share/cms/crab-prod/v3.221018.00/bin/crab.py", line 159, in <module>
    client()
  File "/cvmfs/cms.cern.ch/share/cms/crab-prod/v3.221018.00/bin/crab.py", line 144, in __call__
    self.cmd = sub_cmd(self.logger, args[1:])
  File "/cvmfs/cms.cern.ch/share/cms/crab-prod/v3.221018.00/lib/CRABClient/Commands/submit.py", line 36, in __init__
    SubCommand.__init__(self, logger, cmdargs, disable_interspersed_args=True)
  File "/cvmfs/cms.cern.ch/share/cms/crab-prod/v3.221018.00/lib/CRABClient/Commands/SubCommand.py", line 316, in __init__
    self.loadConfig(self.options.config, self.args)
  File "/cvmfs/cms.cern.ch/share/cms/crab-prod/v3.221018.00/lib/CRABClient/Commands/SubCommand.py", line 89, in loadConfig
    raise ConfigurationException(configmsg)
CRABClient.ClientExceptions.ConfigurationException: Error while loading CRAB configuration:
Missing parentheses in call to 'print'. Did you mean print("Base: ",base)? (r1_submit_crab.py, line 58)
Please refer to https://twiki.cern.ch/twiki/bin/view/CMSPublic/CRAB3FAQ
See the ./crab.log file for more details.
The documentation about the CRAB configuration file can be found in https://twiki.cern.ch/twiki/bin/view/CMSPublic/CRAB3ConfigurationFile
INFO 2022-12-06 13:49:50.130 UTC: 	 Log file is /afs/hep.wisc.edu/user/vshang/public/Phase2L1CaloTaus/CMSSW_12_3_0_pre4/src/L1Trigger/L1EGRateStudies/test/crab/crab.log
DEBUG 2022-12-06 13:51:59.802 UTC: 	 CRAB Client version: v3.221018
DEBUG 2022-12-06 13:51:59.803 UTC: 	 Running on: Linux login01.hep.wisc.edu 5.4.217-1.el7.elrepo.x86_64 #1 SMP Thu Oct 6 13:02:21 EDT 2022 x86_64 x86_64 x86_64 GNU/Linux - CentOS Linux 7 (Core)
DEBUG 2022-12-06 13:51:59.803 UTC: 	 Executing command: 'submit'
DEBUG 2022-12-06 13:51:59.803 UTC: 	 Found CRAB cache file /afs/hep.wisc.edu/home/vshang/.crab3
INFO 2022-12-06 13:51:59.810 UTC: 	 Will use CRAB configuration file r1_submit_crab.py
DEBUG 2022-12-06 13:51:59.810 UTC: 	 Loading CRAB configuration file.
ERROR 2022-12-06 13:51:59.826 UTC: 	 Error while loading CRAB configuration:
invalid syntax (r1_submit_crab.py, line 50)
Please refer to https://twiki.cern.ch/twiki/bin/view/CMSPublic/CRAB3FAQ
See the ./crab.log file for more details.
The documentation about the CRAB configuration file can be found in https://twiki.cern.ch/twiki/bin/view/CMSPublic/CRAB3ConfigurationFile
ERROR 2022-12-06 13:51:59.826 UTC: 	 Caught ClientException exception
Traceback (most recent call last):
  File "/cvmfs/cms.cern.ch/share/cms/crab-prod/v3.221018.00/lib/WMCore/Configuration.py", line 326, in loadConfigurationFile
    modRef = imp.load_module(cfgBaseName, modPath[0],
  File "/cvmfs/cms.cern.ch/slc7_amd64_gcc10/external/python3/3.9.6-67e5cf5b4952101922f1d4c8474baa39/lib/python3.9/imp.py", line 234, in load_module
    return load_source(name, filename, file)
  File "/cvmfs/cms.cern.ch/slc7_amd64_gcc10/external/python3/3.9.6-67e5cf5b4952101922f1d4c8474baa39/lib/python3.9/imp.py", line 171, in load_source
    module = _load(spec)
  File "<frozen importlib._bootstrap>", line 711, in _load
  File "<frozen importlib._bootstrap>", line 680, in _load_unlocked
  File "<frozen importlib._bootstrap_external>", line 846, in exec_module
  File "<frozen importlib._bootstrap_external>", line 983, in get_code
  File "<frozen importlib._bootstrap_external>", line 913, in source_to_code
  File "<frozen importlib._bootstrap>", line 228, in _call_with_frames_removed
  File "/afs/hep.wisc.edu/user/vshang/public/Phase2L1CaloTaus/CMSSW_12_3_0_pre4/src/L1Trigger/L1EGRateStudies/test/crab/r1_submit_crab.py", line 50
    print "Failed submitting task: %s" % (hte.headers)
          ^
SyntaxError: invalid syntax

During handling of the above exception, another exception occurred:

Traceback (most recent call last):
  File "/cvmfs/cms.cern.ch/share/cms/crab-prod/v3.221018.00/lib/CRABClient/Commands/SubCommand.py", line 55, in loadConfig
    self.configuration = loadConfigurationFile(os.path.abspath(configname))
  File "/cvmfs/cms.cern.ch/share/cms/crab-prod/v3.221018.00/lib/WMCore/Configuration.py", line 334, in loadConfigurationFile
    raise RuntimeError(msg)
RuntimeError: Unable to load Configuration File:
/afs/hep.wisc.edu/user/vshang/public/Phase2L1CaloTaus/CMSSW_12_3_0_pre4/src/L1Trigger/L1EGRateStudies/test/crab/r1_submit_crab.py
Due to error:
invalid syntax (r1_submit_crab.py, line 50)Traceback (most recent call last):
  File "/cvmfs/cms.cern.ch/share/cms/crab-prod/v3.221018.00/lib/WMCore/Configuration.py", line 326, in loadConfigurationFile
    modRef = imp.load_module(cfgBaseName, modPath[0],
  File "/cvmfs/cms.cern.ch/slc7_amd64_gcc10/external/python3/3.9.6-67e5cf5b4952101922f1d4c8474baa39/lib/python3.9/imp.py", line 234, in load_module
    return load_source(name, filename, file)
  File "/cvmfs/cms.cern.ch/slc7_amd64_gcc10/external/python3/3.9.6-67e5cf5b4952101922f1d4c8474baa39/lib/python3.9/imp.py", line 171, in load_source
    module = _load(spec)
  File "<frozen importlib._bootstrap>", line 711, in _load
  File "<frozen importlib._bootstrap>", line 680, in _load_unlocked
  File "<frozen importlib._bootstrap_external>", line 846, in exec_module
  File "<frozen importlib._bootstrap_external>", line 983, in get_code
  File "<frozen importlib._bootstrap_external>", line 913, in source_to_code
  File "<frozen importlib._bootstrap>", line 228, in _call_with_frames_removed
  File "/afs/hep.wisc.edu/user/vshang/public/Phase2L1CaloTaus/CMSSW_12_3_0_pre4/src/L1Trigger/L1EGRateStudies/test/crab/r1_submit_crab.py", line 50
    print "Failed submitting task: %s" % (hte.headers)
          ^
SyntaxError: invalid syntax


During handling of the above exception, another exception occurred:

Traceback (most recent call last):
  File "/cvmfs/cms.cern.ch/share/cms/crab-prod/v3.221018.00/bin/crab.py", line 159, in <module>
    client()
  File "/cvmfs/cms.cern.ch/share/cms/crab-prod/v3.221018.00/bin/crab.py", line 144, in __call__
    self.cmd = sub_cmd(self.logger, args[1:])
  File "/cvmfs/cms.cern.ch/share/cms/crab-prod/v3.221018.00/lib/CRABClient/Commands/submit.py", line 36, in __init__
    SubCommand.__init__(self, logger, cmdargs, disable_interspersed_args=True)
  File "/cvmfs/cms.cern.ch/share/cms/crab-prod/v3.221018.00/lib/CRABClient/Commands/SubCommand.py", line 316, in __init__
    self.loadConfig(self.options.config, self.args)
  File "/cvmfs/cms.cern.ch/share/cms/crab-prod/v3.221018.00/lib/CRABClient/Commands/SubCommand.py", line 89, in loadConfig
    raise ConfigurationException(configmsg)
CRABClient.ClientExceptions.ConfigurationException: Error while loading CRAB configuration:
invalid syntax (r1_submit_crab.py, line 50)
Please refer to https://twiki.cern.ch/twiki/bin/view/CMSPublic/CRAB3FAQ
See the ./crab.log file for more details.
The documentation about the CRAB configuration file can be found in https://twiki.cern.ch/twiki/bin/view/CMSPublic/CRAB3ConfigurationFile
INFO 2022-12-06 13:51:59.833 UTC: 	 Log file is /afs/hep.wisc.edu/user/vshang/public/Phase2L1CaloTaus/CMSSW_12_3_0_pre4/src/L1Trigger/L1EGRateStudies/test/crab/crab.log
DEBUG 2022-12-06 13:58:32.862 UTC: 	 CRAB Client version: v3.221018
DEBUG 2022-12-06 13:58:32.862 UTC: 	 Running on: Linux login01.hep.wisc.edu 5.4.217-1.el7.elrepo.x86_64 #1 SMP Thu Oct 6 13:02:21 EDT 2022 x86_64 x86_64 x86_64 GNU/Linux - CentOS Linux 7 (Core)
DEBUG 2022-12-06 13:58:32.862 UTC: 	 Executing command: 'submit'
DEBUG 2022-12-06 13:58:32.863 UTC: 	 Found CRAB cache file /afs/hep.wisc.edu/home/vshang/.crab3
INFO 2022-12-06 13:58:32.868 UTC: 	 Will use CRAB configuration file r1_submit_crab.py
DEBUG 2022-12-06 13:58:32.868 UTC: 	 Loading CRAB configuration file.
DEBUG 2022-12-06 13:58:33.005 UTC: 	 Will use CRAB Analysis plugin (i.e. will run an analysis job type).
ERROR 2022-12-06 13:58:33.006 UTC: 	 Working area '/afs/hep.wisc.edu/user/vshang/public/Phase2L1CaloTaus/CMSSW_12_3_0_pre4/src/L1Trigger/L1EGRateStudies/test/crab/crab_20221206_VBFHTT-PU200_r1_CMSSW_12_3_0_pre4' already exists 
Please change the requestName in the config file
ERROR 2022-12-06 13:58:33.006 UTC: 	 Caught ClientException exception
Traceback (most recent call last):
  File "/cvmfs/cms.cern.ch/share/cms/crab-prod/v3.221018.00/bin/crab.py", line 159, in <module>
    client()
  File "/cvmfs/cms.cern.ch/share/cms/crab-prod/v3.221018.00/bin/crab.py", line 144, in __call__
    self.cmd = sub_cmd(self.logger, args[1:])
  File "/cvmfs/cms.cern.ch/share/cms/crab-prod/v3.221018.00/lib/CRABClient/Commands/submit.py", line 36, in __init__
    SubCommand.__init__(self, logger, cmdargs, disable_interspersed_args=True)
  File "/cvmfs/cms.cern.ch/share/cms/crab-prod/v3.221018.00/lib/CRABClient/Commands/SubCommand.py", line 318, in __init__
    self.requestarea, self.requestname, self.logfile = createWorkArea(
  File "/cvmfs/cms.cern.ch/share/cms/crab-prod/v3.221018.00/lib/CRABClient/ClientUtilities.py", line 387, in createWorkArea
    raise ConfigException("Working area '%s' already exists \nPlease change the requestName in the config file" % fullpath)
CRABClient.ClientExceptions.ConfigException: Working area '/afs/hep.wisc.edu/user/vshang/public/Phase2L1CaloTaus/CMSSW_12_3_0_pre4/src/L1Trigger/L1EGRateStudies/test/crab/crab_20221206_VBFHTT-PU200_r1_CMSSW_12_3_0_pre4' already exists 
Please change the requestName in the config file
INFO 2022-12-06 13:58:33.012 UTC: 	 Log file is /afs/hep.wisc.edu/user/vshang/public/Phase2L1CaloTaus/CMSSW_12_3_0_pre4/src/L1Trigger/L1EGRateStudies/test/crab/crab.log
